\BOOKMARK [0][-]{chapter.1}{Clase uno}{}% 1
\BOOKMARK [1][-]{section.1.1}{Bitacora de la clase n\372mero uno}{chapter.1}% 2
\BOOKMARK [0][-]{chapter.2}{Clase dos}{}% 3
\BOOKMARK [1][-]{section.2.1}{Bitacora de la clase n\372mero dos}{chapter.2}% 4
\BOOKMARK [0][-]{chapter.3}{Clase tres}{}% 5
\BOOKMARK [1][-]{section.3.1}{Bitacora de la clase n\372mero tres}{chapter.3}% 6
\BOOKMARK [0][-]{chapter.4}{Clase cuatro}{}% 7
\BOOKMARK [1][-]{section.4.1}{Bitacora de la clase n\372mero cuatro}{chapter.4}% 8
\BOOKMARK [0][-]{chapter.5}{Clase cinco}{}% 9
\BOOKMARK [1][-]{section.5.1}{Bitacora de la clase n\372mero cinco}{chapter.5}% 10
\BOOKMARK [0][-]{chapter.6}{Clase seis}{}% 11
\BOOKMARK [1][-]{section.6.1}{Bitacora de la clase n\372mero seis}{chapter.6}% 12
\BOOKMARK [0][-]{chapter.7}{Clase siete}{}% 13
\BOOKMARK [1][-]{section.7.1}{Bitacora de la clase n\372mero siete}{chapter.7}% 14
\BOOKMARK [0][-]{chapter.8}{Clase ocho}{}% 15
\BOOKMARK [1][-]{section.8.1}{Bitacora de la clase n\372mero ocho}{chapter.8}% 16
\BOOKMARK [0][-]{chapter.9}{Clase nueve}{}% 17
\BOOKMARK [1][-]{section.9.1}{Bitacora de la clase n\372mero nueve}{chapter.9}% 18
\BOOKMARK [0][-]{chapter.10}{Clase diez}{}% 19
\BOOKMARK [1][-]{section.10.1}{Bitacora de la clase n\372mero diez}{chapter.10}% 20
\BOOKMARK [0][-]{chapter.11}{Clase once}{}% 21
\BOOKMARK [1][-]{section.11.1}{Bitacora de la clase n\372mero once}{chapter.11}% 22
\BOOKMARK [0][-]{chapter.12}{Clase doce}{}% 23
\BOOKMARK [1][-]{section.12.1}{Bitacora de la clase n\372mero doce}{chapter.12}% 24
\BOOKMARK [0][-]{chapter.13}{Clase trece}{}% 25
\BOOKMARK [1][-]{section.13.1}{Bitacora de la clase n\372mero trece}{chapter.13}% 26
\BOOKMARK [0][-]{chapter.14}{Clase catorce}{}% 27
\BOOKMARK [1][-]{section.14.1}{Bitacora de la clase n\372mero catorce}{chapter.14}% 28
